<?xml version="1.0" encoding="UTF-8"?>
<!-- Generated by org.testng.reporters.JUnitReportReporter -->
<testsuite skipped="0" hostname="Tamanna" name="home.TestHomePage" tests="2" failures="0" timestamp="21 Sep 2019 00:53:21 GMT" time="28.427" errors="0">
  <testcase name="NavBar" time="13.589" classname="home.TestHomePage"/>
  <testcase name="navigate" time="14.838" classname="home.TestHomePage"/>
</testsuite> <!-- home.TestHomePage -->
