<?xml version="1.0" encoding="UTF-8"?>
<!-- Generated by org.testng.reporters.JUnitReportReporter -->
<testsuite skipped="0" hostname="Tamanna" name="home.TestLogInPage" tests="3" failures="0" timestamp="21 Sep 2019 00:53:21 GMT" time="48.639" errors="0">
  <testcase name="TestLogin" time="16.168" classname="home.TestLogInPage"/>
  <testcase name="getText" time="14.987" classname="home.TestLogInPage"/>
  <testcase name="TestLogin" time="17.484" classname="home.TestLogInPage"/>
</testsuite> <!-- home.TestLogInPage -->
